<?xml version="1.0" encoding="UTF-8"?>
<!-- Generated by org.testng.reporters.JUnitReportReporter -->
<testsuite hostname="Sonali-PC" failures="0" tests="2" name="com.lean.qa.TestCases.primefacesDataTableTest" time="32.278" errors="0" timestamp="13 Jan 2020 22:18:57 GMT" skipped="0">
  <testcase classname="com.lean.qa.TestCases.primefacesDataTableTest" name="testSelectRadioButtonInGrid" time="15.310"/>
  <testcase classname="com.lean.qa.TestCases.primefacesDataTableTest" name="testSelectCheckBoxInGrid" time="16.968"/>
</testsuite> <!-- com.lean.qa.TestCases.primefacesDataTableTest -->
